<?xml version="1.0" encoding="UTF-8"?>
<!-- Generated by org.testng.reporters.JUnitXMLReporter -->
<testsuite ignored="0" hostname="LAPTOP-52IM29O2" failures="6" tests="11" name="Test" time="470.66" errors="0" timestamp="11 Jan 2021 21:38:01 GMT">
  <testcase classname="com.generics.actitime.Basetestcrossbrowseryahoo" name="@BeforeMethod openbrowser" time="0.0">
    <failure type="org.testng.TestNGException" message="
Parameter &amp;apos;browser&amp;apos; is required by BeforeMethod on method openbrowser but has not been marked @Optional or defined
in D:\automation\Mavenactitime\testng.xml">
      <![CDATA[org.testng.TestNGException: 
Parameter 'browser' is required by BeforeMethod on method openbrowser but has not been marked @Optional or defined
in D:\automation\Mavenactitime\testng.xml
... Removed 25 stack frames]]>
    </failure>
  </testcase> <!-- @BeforeMethod openbrowser -->
  <testcase classname="com.generics.actitime.Basetestcrossbrowseryahoo" name="@AfterMethod closebrowser" time="0.0">
    <skipped/>
  </testcase> <!-- @AfterMethod closebrowser -->
  <testcase classname="com.generics.actitime.Basetestcrossbrowser" name="@BeforeMethod openbrowser" time="0.0">
    <failure type="org.testng.TestNGException" message="
Parameter &amp;apos;browser&amp;apos; is required by BeforeMethod on method openbrowser but has not been marked @Optional or defined
in D:\automation\Mavenactitime\testng.xml">
      <![CDATA[org.testng.TestNGException: 
Parameter 'browser' is required by BeforeMethod on method openbrowser but has not been marked @Optional or defined
in D:\automation\Mavenactitime\testng.xml
... Removed 25 stack frames]]>
    </failure>
  </testcase> <!-- @BeforeMethod openbrowser -->
  <testcase classname="com.generics.actitime.Basetestcrossbrowser" name="@AfterMethod closebrowser" time="0.0">
    <skipped/>
  </testcase> <!-- @AfterMethod closebrowser -->
  <testcase classname="mavenextra.Facebookloginusingarray" name="@BeforeMethod openbrowser" time="14.85">
    <failure type="org.openqa.selenium.SessionNotCreatedException" message="session not created
from no such window: window was already closed
  (Session info: chrome=87.0.4280.88)
Build info: version: &amp;apos;4.0.0-alpha-6&amp;apos;, revision: &amp;apos;5f43a29cfc&amp;apos;
System info: host: &amp;apos;LAPTOP-52IM29O2&amp;apos;, ip: &amp;apos;192.168.43.189&amp;apos;, os.name: &amp;apos;Windows 10&amp;apos;, os.arch: &amp;apos;amd64&amp;apos;, os.version: &amp;apos;10.0&amp;apos;, java.version: &amp;apos;15.0.1&amp;apos;
Driver info: driver.version: ChromeDriver
remote stacktrace: Backtrace:
	Ordinal0 [0x00E5C0C3+3326147]
	Ordinal0 [0x00D40851+2164817]
	Ordinal0 [0x00BC7298+619160]
	Ordinal0 [0x00BBE138+581944]
	Ordinal0 [0x00BBED35+585013]
	Ordinal0 [0x00BB9D61+564577]
	Ordinal0 [0x00BC82C0+623296]
	Ordinal0 [0x00B66BDD+224221]
	Ordinal0 [0x00B65CAC+220332]
	Ordinal0 [0x00B6189B+202907]
	Ordinal0 [0x00B43DF4+81396]
	Ordinal0 [0x00B44DEE+85486]
	Ordinal0 [0x00B44D79+85369]
	Ordinal0 [0x00D585DC+2262492]
	GetHandleVerifier [0x00FE2874+1487204]
	GetHandleVerifier [0x00FE23CD+1486013]
	GetHandleVerifier [0x00FEA368+1518680]
	GetHandleVerifier [0x00FE2F4E+1488958]
	Ordinal0 [0x00D4ED0D+2223373]
	Ordinal0 [0x00D5A12B+2269483]
	Ordinal0 [0x00D5A26F+2269807]
	Ordinal0 [0x00D6ECB8+2354360]
	BaseThreadInitThunk [0x75AFFA29+25]
	RtlGetAppContainerNamedObjectPath [0x77C675F4+228]
	RtlGetAppContainerNamedObjectPath [0x77C675C4+180]
">
      <![CDATA[org.openqa.selenium.SessionNotCreatedException: session not created
from no such window: window was already closed
  (Session info: chrome=87.0.4280.88)
Build info: version: '4.0.0-alpha-6', revision: '5f43a29cfc'
System info: host: 'LAPTOP-52IM29O2', ip: '192.168.43.189', os.name: 'Windows 10', os.arch: 'amd64', os.version: '10.0', java.version: '15.0.1'
Driver info: driver.version: ChromeDriver
remote stacktrace: Backtrace:
Ordinal0 [0x00E5C0C3+3326147]
Ordinal0 [0x00D40851+2164817]
Ordinal0 [0x00BC7298+619160]
Ordinal0 [0x00BBE138+581944]
Ordinal0 [0x00BBED35+585013]
Ordinal0 [0x00BB9D61+564577]
Ordinal0 [0x00BC82C0+623296]
Ordinal0 [0x00B66BDD+224221]
Ordinal0 [0x00B65CAC+220332]
Ordinal0 [0x00B6189B+202907]
Ordinal0 [0x00B43DF4+81396]
Ordinal0 [0x00B44DEE+85486]
Ordinal0 [0x00B44D79+85369]
Ordinal0 [0x00D585DC+2262492]
GetHandleVerifier [0x00FE2874+1487204]
GetHandleVerifier [0x00FE23CD+1486013]
GetHandleVerifier [0x00FEA368+1518680]
GetHandleVerifier [0x00FE2F4E+1488958]
Ordinal0 [0x00D4ED0D+2223373]
Ordinal0 [0x00D5A12B+2269483]
Ordinal0 [0x00D5A26F+2269807]
Ordinal0 [0x00D6ECB8+2354360]
BaseThreadInitThunk [0x75AFFA29+25]
RtlGetAppContainerNamedObjectPath [0x77C675F4+228]
RtlGetAppContainerNamedObjectPath [0x77C675C4+180]

at org.openqa.selenium.remote.W3CHandshakeResponse.lambda$errorHandler$0(W3CHandshakeResponse.java:62)
at org.openqa.selenium.remote.HandshakeResponse.lambda$getResponseFunction$0(HandshakeResponse.java:30)
at org.openqa.selenium.remote.ProtocolHandshake.lambda$createSession$1(ProtocolHandshake.java:126)
at java.base/java.util.stream.ReferencePipeline$3$1.accept(ReferencePipeline.java:195)
at java.base/java.util.Spliterators$ArraySpliterator.tryAdvance(Spliterators.java:958)
at java.base/java.util.stream.ReferencePipeline.forEachWithCancel(ReferencePipeline.java:127)
at java.base/java.util.stream.AbstractPipeline.copyIntoWithCancel(AbstractPipeline.java:502)
at java.base/java.util.stream.AbstractPipeline.copyInto(AbstractPipeline.java:488)
at java.base/java.util.stream.AbstractPipeline.wrapAndCopyInto(AbstractPipeline.java:474)
at java.base/java.util.stream.FindOps$FindOp.evaluateSequential(FindOps.java:150)
at java.base/java.util.stream.AbstractPipeline.evaluate(AbstractPipeline.java:234)
at java.base/java.util.stream.ReferencePipeline.findFirst(ReferencePipeline.java:543)
at org.openqa.selenium.remote.ProtocolHandshake.createSession(ProtocolHandshake.java:128)
at org.openqa.selenium.remote.ProtocolHandshake.createSession(ProtocolHandshake.java:75)
at org.openqa.selenium.remote.HttpCommandExecutor.execute(HttpCommandExecutor.java:138)
at org.openqa.selenium.remote.service.DriverCommandExecutor.execute(DriverCommandExecutor.java:83)
at org.openqa.selenium.remote.RemoteWebDriver.execute(RemoteWebDriver.java:582)
at org.openqa.selenium.remote.RemoteWebDriver.startSession(RemoteWebDriver.java:216)
at org.openqa.selenium.remote.RemoteWebDriver.<init>(RemoteWebDriver.java:136)
at org.openqa.selenium.chromium.ChromiumDriver.<init>(ChromiumDriver.java:75)
at org.openqa.selenium.chrome.ChromeDriver.<init>(ChromeDriver.java:163)
at org.openqa.selenium.chrome.ChromeDriver.<init>(ChromeDriver.java:150)
at org.openqa.selenium.chrome.ChromeDriver.<init>(ChromeDriver.java:105)
at mavenextra.Facebookloginusingarray.openbrowser(Facebookloginusingarray.java:23)
... Removed 33 stack frames]]>
    </failure>
  </testcase> <!-- @BeforeMethod openbrowser -->
  <testcase classname="mavenextra.Facebookloginusingarray" name="@AfterMethod closebrowser" time="0.0">
    <skipped/>
  </testcase> <!-- @AfterMethod closebrowser -->
  <testcase classname="mavenextra.Facebookloginusingarray" name="@BeforeMethod openbrowser" time="0.0">
    <skipped/>
  </testcase> <!-- @BeforeMethod openbrowser -->
  <testcase classname="mavenextra.Facebookloginusingarray" name="@AfterMethod closebrowser" time="0.0">
    <skipped/>
  </testcase> <!-- @AfterMethod closebrowser -->
  <testcase classname="com.generics.actitime.Basetest" name="@BeforeClass openbrowser" time="20.038">
    <failure type="org.openqa.selenium.WebDriverException" message="Timed out waiting for driver server to start.
Build info: version: &amp;apos;4.0.0-alpha-6&amp;apos;, revision: &amp;apos;5f43a29cfc&amp;apos;
System info: host: &amp;apos;LAPTOP-52IM29O2&amp;apos;, ip: &amp;apos;192.168.43.189&amp;apos;, os.name: &amp;apos;Windows 10&amp;apos;, os.arch: &amp;apos;amd64&amp;apos;, os.version: &amp;apos;10.0&amp;apos;, java.version: &amp;apos;15.0.1&amp;apos;
Driver info: driver.version: ChromeDriver">
      <![CDATA[org.openqa.selenium.WebDriverException: Timed out waiting for driver server to start.
Build info: version: '4.0.0-alpha-6', revision: '5f43a29cfc'
System info: host: 'LAPTOP-52IM29O2', ip: '192.168.43.189', os.name: 'Windows 10', os.arch: 'amd64', os.version: '10.0', java.version: '15.0.1'
Driver info: driver.version: ChromeDriver
at org.openqa.selenium.remote.service.DriverService.start(DriverService.java:210)
at org.openqa.selenium.remote.service.DriverCommandExecutor.execute(DriverCommandExecutor.java:79)
at org.openqa.selenium.remote.RemoteWebDriver.execute(RemoteWebDriver.java:582)
at org.openqa.selenium.remote.RemoteWebDriver.startSession(RemoteWebDriver.java:216)
at org.openqa.selenium.remote.RemoteWebDriver.<init>(RemoteWebDriver.java:136)
at org.openqa.selenium.chromium.ChromiumDriver.<init>(ChromiumDriver.java:75)
at org.openqa.selenium.chrome.ChromeDriver.<init>(ChromeDriver.java:163)
at org.openqa.selenium.chrome.ChromeDriver.<init>(ChromeDriver.java:150)
at org.openqa.selenium.chrome.ChromeDriver.<init>(ChromeDriver.java:105)
at com.generics.actitime.Basetest.openbrowser(Basetest.java:25)
Caused by: java.util.concurrent.ExecutionException: org.openqa.selenium.WebDriverException: Timed out waiting for driver server to start.
Build info: version: '4.0.0-alpha-6', revision: '5f43a29cfc'
System info: host: 'LAPTOP-52IM29O2', ip: '192.168.43.189', os.name: 'Windows 10', os.arch: 'amd64', os.version: '10.0', java.version: '15.0.1'
Driver info: driver.version: unknown
at java.base/java.util.concurrent.CompletableFuture.reportGet(CompletableFuture.java:395)
at java.base/java.util.concurrent.CompletableFuture.get(CompletableFuture.java:2086)
at org.openqa.selenium.remote.service.DriverService.start(DriverService.java:204)
... 35 more
Caused by: org.openqa.selenium.WebDriverException: Timed out waiting for driver server to start.
Build info: version: '4.0.0-alpha-6', revision: '5f43a29cfc'
System info: host: 'LAPTOP-52IM29O2', ip: '192.168.43.189', os.name: 'Windows 10', os.arch: 'amd64', os.version: '10.0', java.version: '15.0.1'
Driver info: driver.version: unknown
at org.openqa.selenium.remote.service.DriverService.waitUntilAvailable(DriverService.java:231)
at org.openqa.selenium.remote.service.DriverService.lambda$start$0(DriverService.java:193)
at java.base/java.util.concurrent.CompletableFuture$AsyncSupply.run(CompletableFuture.java:1764)
at java.base/java.lang.Thread.run(Thread.java:832)
Caused by: org.openqa.selenium.net.UrlChecker$TimeoutException: Timed out waiting for [http://localhost:14429/status] to be available after 20016 ms
at org.openqa.selenium.net.UrlChecker.waitUntilAvailable(UrlChecker.java:90)
at org.openqa.selenium.remote.service.DriverService.waitUntilAvailable(DriverService.java:227)
... 3 more
Caused by: java.util.concurrent.TimeoutException
at java.base/java.util.concurrent.FutureTask.get(FutureTask.java:204)
at org.openqa.selenium.net.UrlChecker.waitUntilAvailable(UrlChecker.java:88)
... 4 more
... Removed 26 stack frames]]>
    </failure>
  </testcase> <!-- @BeforeClass openbrowser -->
  <testcase classname="com.generics.actitime.Basetest" name="@BeforeMethod login" time="0.0">
    <skipped/>
  </testcase> <!-- @BeforeMethod login -->
  <testcase classname="com.generics.actitime.Basetest" name="@AfterMethod logout" time="0.0">
    <skipped/>
  </testcase> <!-- @AfterMethod logout -->
  <testcase classname="com.generics.actitime.Basetest" name="@AfterClass closebrowser" time="0.0">
    <skipped/>
  </testcase> <!-- @AfterClass closebrowser -->
  <testcase classname="com.script.yahoo.Testyahoosignup" name="yahoologin" time="0.0">
    <skipped/>
  </testcase> <!-- yahoologin -->
  <testcase classname="mavenextra.Entercharactersequence" name="entercharacter" time="31.49">
    <failure type="org.openqa.selenium.WebDriverException" message="Timed out waiting for driver server to start.
Build info: version: &amp;apos;4.0.0-alpha-6&amp;apos;, revision: &amp;apos;5f43a29cfc&amp;apos;
System info: host: &amp;apos;LAPTOP-52IM29O2&amp;apos;, ip: &amp;apos;192.168.43.189&amp;apos;, os.name: &amp;apos;Windows 10&amp;apos;, os.arch: &amp;apos;amd64&amp;apos;, os.version: &amp;apos;10.0&amp;apos;, java.version: &amp;apos;15.0.1&amp;apos;
Driver info: driver.version: ChromeDriver">
      <![CDATA[org.openqa.selenium.WebDriverException: Timed out waiting for driver server to start.
Build info: version: '4.0.0-alpha-6', revision: '5f43a29cfc'
System info: host: 'LAPTOP-52IM29O2', ip: '192.168.43.189', os.name: 'Windows 10', os.arch: 'amd64', os.version: '10.0', java.version: '15.0.1'
Driver info: driver.version: ChromeDriver
at org.openqa.selenium.remote.service.DriverService.start(DriverService.java:210)
at org.openqa.selenium.remote.service.DriverCommandExecutor.execute(DriverCommandExecutor.java:79)
at org.openqa.selenium.remote.RemoteWebDriver.execute(RemoteWebDriver.java:582)
at org.openqa.selenium.remote.RemoteWebDriver.startSession(RemoteWebDriver.java:216)
at org.openqa.selenium.remote.RemoteWebDriver.<init>(RemoteWebDriver.java:136)
at org.openqa.selenium.chromium.ChromiumDriver.<init>(ChromiumDriver.java:75)
at org.openqa.selenium.chrome.ChromeDriver.<init>(ChromeDriver.java:163)
at org.openqa.selenium.chrome.ChromeDriver.<init>(ChromeDriver.java:150)
at org.openqa.selenium.chrome.ChromeDriver.<init>(ChromeDriver.java:105)
at mavenextra.Entercharactersequence.entercharacter(Entercharactersequence.java:20)
Caused by: java.util.concurrent.ExecutionException: org.openqa.selenium.WebDriverException: Timed out waiting for driver server to start.
Build info: version: '4.0.0-alpha-6', revision: '5f43a29cfc'
System info: host: 'LAPTOP-52IM29O2', ip: '192.168.43.189', os.name: 'Windows 10', os.arch: 'amd64', os.version: '10.0', java.version: '15.0.1'
Driver info: driver.version: unknown
at java.base/java.util.concurrent.CompletableFuture.reportGet(CompletableFuture.java:395)
at java.base/java.util.concurrent.CompletableFuture.get(CompletableFuture.java:2086)
at org.openqa.selenium.remote.service.DriverService.start(DriverService.java:204)
... 34 more
Caused by: org.openqa.selenium.WebDriverException: Timed out waiting for driver server to start.
Build info: version: '4.0.0-alpha-6', revision: '5f43a29cfc'
System info: host: 'LAPTOP-52IM29O2', ip: '192.168.43.189', os.name: 'Windows 10', os.arch: 'amd64', os.version: '10.0', java.version: '15.0.1'
Driver info: driver.version: unknown
at org.openqa.selenium.remote.service.DriverService.waitUntilAvailable(DriverService.java:231)
at org.openqa.selenium.remote.service.DriverService.lambda$start$0(DriverService.java:193)
at java.base/java.util.concurrent.CompletableFuture$AsyncSupply.run(CompletableFuture.java:1764)
at java.base/java.lang.Thread.run(Thread.java:832)
Caused by: org.openqa.selenium.net.UrlChecker$TimeoutException: Timed out waiting for [http://localhost:21393/status] to be available after 20042 ms
at org.openqa.selenium.net.UrlChecker.waitUntilAvailable(UrlChecker.java:90)
at org.openqa.selenium.remote.service.DriverService.waitUntilAvailable(DriverService.java:227)
... 3 more
Caused by: java.util.concurrent.TimeoutException
at java.base/java.util.concurrent.FutureTask.get(FutureTask.java:204)
at org.openqa.selenium.net.UrlChecker.waitUntilAvailable(UrlChecker.java:88)
... 4 more
... Removed 25 stack frames]]>
    </failure>
  </testcase> <!-- entercharacter -->
  <testcase classname="mavenextra.Opentabandwindow" name="opentabwindow" time="150.192">
    <failure type="org.openqa.selenium.TimeoutException" message="timeout: Timed out receiving message from renderer: 24.584
  (Session info: chrome=87.0.4280.88)
Build info: version: &amp;apos;4.0.0-alpha-6&amp;apos;, revision: &amp;apos;5f43a29cfc&amp;apos;
System info: host: &amp;apos;LAPTOP-52IM29O2&amp;apos;, ip: &amp;apos;192.168.43.189&amp;apos;, os.name: &amp;apos;Windows 10&amp;apos;, os.arch: &amp;apos;amd64&amp;apos;, os.version: &amp;apos;10.0&amp;apos;, java.version: &amp;apos;15.0.1&amp;apos;
Driver info: org.openqa.selenium.chrome.ChromeDriver
Capabilities {acceptInsecureCerts: false, browserName: chrome, browserVersion: 87.0.4280.88, chrome: {chromedriverVersion: 87.0.4280.88 (89e2380a3e36c..., userDataDir: C:\Users\SHRAEY~1\AppData\L...}, goog:chromeOptions: {debuggerAddress: localhost:58074}, javascriptEnabled: true, networkConnectionEnabled: false, pageLoadStrategy: normal, platform: WINDOWS, platformName: WINDOWS, proxy: Proxy(), setWindowRect: true, strictFileInteractability: false, timeouts: {implicit: 0, pageLoad: 300000, script: 30000}, unhandledPromptBehavior: dismiss and notify, webauthn:virtualAuthenticators: true}
Session ID: bbfaf2b2c83711b4104ed7f561b9a6df">
      <![CDATA[org.openqa.selenium.TimeoutException: timeout: Timed out receiving message from renderer: 24.584
  (Session info: chrome=87.0.4280.88)
Build info: version: '4.0.0-alpha-6', revision: '5f43a29cfc'
System info: host: 'LAPTOP-52IM29O2', ip: '192.168.43.189', os.name: 'Windows 10', os.arch: 'amd64', os.version: '10.0', java.version: '15.0.1'
Driver info: org.openqa.selenium.chrome.ChromeDriver
Capabilities {acceptInsecureCerts: false, browserName: chrome, browserVersion: 87.0.4280.88, chrome: {chromedriverVersion: 87.0.4280.88 (89e2380a3e36c..., userDataDir: C:\Users\SHRAEY~1\AppData\L...}, goog:chromeOptions: {debuggerAddress: localhost:58074}, javascriptEnabled: true, networkConnectionEnabled: false, pageLoadStrategy: normal, platform: WINDOWS, platformName: WINDOWS, proxy: Proxy(), setWindowRect: true, strictFileInteractability: false, timeouts: {implicit: 0, pageLoad: 300000, script: 30000}, unhandledPromptBehavior: dismiss and notify, webauthn:virtualAuthenticators: true}
Session ID: bbfaf2b2c83711b4104ed7f561b9a6df
at org.openqa.selenium.remote.codec.w3c.W3CHttpResponseCodec.createException(W3CHttpResponseCodec.java:196)
at org.openqa.selenium.remote.codec.w3c.W3CHttpResponseCodec.decode(W3CHttpResponseCodec.java:129)
at org.openqa.selenium.remote.codec.w3c.W3CHttpResponseCodec.decode(W3CHttpResponseCodec.java:53)
at org.openqa.selenium.remote.HttpCommandExecutor.execute(HttpCommandExecutor.java:160)
at org.openqa.selenium.remote.service.DriverCommandExecutor.execute(DriverCommandExecutor.java:83)
at org.openqa.selenium.remote.RemoteWebDriver.execute(RemoteWebDriver.java:582)
at org.openqa.selenium.remote.RemoteWebDriver.get(RemoteWebDriver.java:282)
at mavenextra.Opentabandwindow.opentabwindow(Opentabandwindow.java:22)
... Removed 30 stack frames]]>
    </failure>
  </testcase> <!-- opentabwindow -->
  <testcase classname="mavenextra.Openbrowser" name="openbrowser" time="72.681">
    <failure type="org.openqa.selenium.remote.UnreachableBrowserException" message="Could not start a new session. Possible causes are invalid address of the remote server or browser start-up failure.
Build info: version: &amp;apos;4.0.0-alpha-6&amp;apos;, revision: &amp;apos;5f43a29cfc&amp;apos;
System info: host: &amp;apos;LAPTOP-52IM29O2&amp;apos;, ip: &amp;apos;192.168.43.189&amp;apos;, os.name: &amp;apos;Windows 10&amp;apos;, os.arch: &amp;apos;amd64&amp;apos;, os.version: &amp;apos;10.0&amp;apos;, java.version: &amp;apos;15.0.1&amp;apos;
Driver info: driver.version: FirefoxDriver">
      <![CDATA[org.openqa.selenium.remote.UnreachableBrowserException: Could not start a new session. Possible causes are invalid address of the remote server or browser start-up failure.
Build info: version: '4.0.0-alpha-6', revision: '5f43a29cfc'
System info: host: 'LAPTOP-52IM29O2', ip: '192.168.43.189', os.name: 'Windows 10', os.arch: 'amd64', os.version: '10.0', java.version: '15.0.1'
Driver info: driver.version: FirefoxDriver
at org.openqa.selenium.remote.RemoteWebDriver.execute(RemoteWebDriver.java:603)
at org.openqa.selenium.remote.RemoteWebDriver.startSession(RemoteWebDriver.java:216)
at org.openqa.selenium.remote.RemoteWebDriver.<init>(RemoteWebDriver.java:136)
at org.openqa.selenium.firefox.FirefoxDriver.<init>(FirefoxDriver.java:188)
at org.openqa.selenium.firefox.FirefoxDriver.<init>(FirefoxDriver.java:176)
at org.openqa.selenium.firefox.FirefoxDriver.<init>(FirefoxDriver.java:154)
at mavenextra.Openbrowser.openbrowser(Openbrowser.java:17)
Caused by: java.lang.RuntimeException: NettyHttpHandler request execution error
at org.openqa.selenium.remote.http.netty.NettyHttpHandler.makeCall(NettyHttpHandler.java:72)
at org.openqa.selenium.remote.http.AddSeleniumUserAgent.lambda$apply$0(AddSeleniumUserAgent.java:42)
at org.openqa.selenium.remote.http.Filter.lambda$andFinally$1(Filter.java:56)
at org.openqa.selenium.remote.http.netty.NettyHttpHandler.execute(NettyHttpHandler.java:47)
at org.openqa.selenium.remote.http.AddSeleniumUserAgent.lambda$apply$0(AddSeleniumUserAgent.java:42)
at org.openqa.selenium.remote.http.Filter.lambda$andFinally$1(Filter.java:56)
at org.openqa.selenium.remote.http.netty.NettyClient.execute(NettyClient.java:55)
at org.openqa.selenium.remote.ProtocolHandshake.createSession(ProtocolHandshake.java:105)
at org.openqa.selenium.remote.ProtocolHandshake.createSession(ProtocolHandshake.java:75)
at org.openqa.selenium.remote.HttpCommandExecutor.execute(HttpCommandExecutor.java:138)
at org.openqa.selenium.remote.service.DriverCommandExecutor.execute(DriverCommandExecutor.java:83)
at org.openqa.selenium.remote.RemoteWebDriver.execute(RemoteWebDriver.java:582)
... 31 more
Caused by: java.util.concurrent.ExecutionException: java.util.concurrent.TimeoutException: Request timeout to localhost/127.0.0.1:19349 after 60000 ms
at java.base/java.util.concurrent.CompletableFuture.reportGet(CompletableFuture.java:395)
at java.base/java.util.concurrent.CompletableFuture.get(CompletableFuture.java:2063)
at org.asynchttpclient.netty.NettyResponseFuture.get(NettyResponseFuture.java:201)
at org.openqa.selenium.remote.http.netty.NettyHttpHandler.makeCall(NettyHttpHandler.java:57)
... 42 more
Caused by: java.util.concurrent.TimeoutException: Request timeout to localhost/127.0.0.1:19349 after 60000 ms
at org.asynchttpclient.netty.timeout.TimeoutTimerTask.expire(TimeoutTimerTask.java:43)
at org.asynchttpclient.netty.timeout.RequestTimeoutTimerTask.run(RequestTimeoutTimerTask.java:50)
at io.netty.util.HashedWheelTimer$HashedWheelTimeout.expire(HashedWheelTimer.java:672)
at io.netty.util.HashedWheelTimer$HashedWheelBucket.expireTimeouts(HashedWheelTimer.java:747)
at io.netty.util.HashedWheelTimer$Worker.run(HashedWheelTimer.java:472)
at io.netty.util.concurrent.FastThreadLocalRunnable.run(FastThreadLocalRunnable.java:30)
at java.base/java.lang.Thread.run(Thread.java:832)
... Removed 25 stack frames]]>
    </failure>
  </testcase> <!-- openbrowser -->
  <testcase classname="com.scripts.facebook.Testfacebooksignup" name="signup" time="0.0">
    <skipped/>
  </testcase> <!-- signup -->
  <testcase classname="mavenextra.Mavenvalidation3" name="validation3" time="34.539">
    <failure type="org.openqa.selenium.SessionNotCreatedException" message="session not created
from disconnected: received Inspector.detached event
  (Session info: chrome=87.0.4280.88)
Build info: version: &amp;apos;4.0.0-alpha-6&amp;apos;, revision: &amp;apos;5f43a29cfc&amp;apos;
System info: host: &amp;apos;LAPTOP-52IM29O2&amp;apos;, ip: &amp;apos;192.168.43.189&amp;apos;, os.name: &amp;apos;Windows 10&amp;apos;, os.arch: &amp;apos;amd64&amp;apos;, os.version: &amp;apos;10.0&amp;apos;, java.version: &amp;apos;15.0.1&amp;apos;
Driver info: driver.version: ChromeDriver
remote stacktrace: Backtrace:
	Ordinal0 [0x00E5C0C3+3326147]
	Ordinal0 [0x00D40851+2164817]
	Ordinal0 [0x00BC7298+619160]
	Ordinal0 [0x00BBBD04+572676]
	Ordinal0 [0x00BBBA18+571928]
	Ordinal0 [0x00BBB0C1+569537]
	Ordinal0 [0x00BBA421+566305]
	Ordinal0 [0x00BBA815+567317]
	Ordinal0 [0x00BBA135+565557]
	Ordinal0 [0x00BC38B1+604337]
	Ordinal0 [0x00BBA0F1+565489]
	Ordinal0 [0x00BBAEA2+568994]
	Ordinal0 [0x00BBA421+566305]
	Ordinal0 [0x00BBA815+567317]
	Ordinal0 [0x00BBA135+565557]
	Ordinal0 [0x00BC1D2C+597292]
	Ordinal0 [0x00BBA0F1+565489]
	Ordinal0 [0x00BBAEA2+568994]
	Ordinal0 [0x00BBA421+566305]
	Ordinal0 [0x00BBA815+567317]
	Ordinal0 [0x00BBA135+565557]
	Ordinal0 [0x00BBFE62+589410]
	Ordinal0 [0x00BBA0F1+565489]
	Ordinal0 [0x00BBAEA2+568994]
	Ordinal0 [0x00BBA421+566305]
	Ordinal0 [0x00BBA815+567317]
	Ordinal0 [0x00BBA135+565557]
	Ordinal0 [0x00BBF075+585845]
	Ordinal0 [0x00BBA0F1+565489]
	Ordinal0 [0x00BBAEA2+568994]
	Ordinal0 [0x00BBA421+566305]
	Ordinal0 [0x00BBA815+567317]
	Ordinal0 [0x00BBA135+565557]
	Ordinal0 [0x00BB6776+550774]
	Ordinal0 [0x00BBA0F1+565489]
	Ordinal0 [0x00BB9F13+565011]
	Ordinal0 [0x00BB9D07+564487]
	Ordinal0 [0x00BC82C0+623296]
	Ordinal0 [0x00B66BDD+224221]
	Ordinal0 [0x00B65CAC+220332]
	Ordinal0 [0x00B6189B+202907]
	Ordinal0 [0x00B43DF4+81396]
	Ordinal0 [0x00B44DEE+85486]
	Ordinal0 [0x00B44D79+85369]
	Ordinal0 [0x00D585DC+2262492]
	GetHandleVerifier [0x00FE2874+1487204]
	GetHandleVerifier [0x00FE23CD+1486013]
	GetHandleVerifier [0x00FEA368+1518680]
	GetHandleVerifier [0x00FE2F4E+1488958]
	Ordinal0 [0x00D4ED0D+2223373]
	Ordinal0 [0x00D5A12B+2269483]
	Ordinal0 [0x00D5A26F+2269807]
	Ordinal0 [0x00D6ECB8+2354360]
	BaseThreadInitThunk [0x75AFFA29+25]
	RtlGetAppContainerNamedObjectPath [0x77C675F4+228]
	RtlGetAppContainerNamedObjectPath [0x77C675C4+180]
">
      <![CDATA[org.openqa.selenium.SessionNotCreatedException: session not created
from disconnected: received Inspector.detached event
  (Session info: chrome=87.0.4280.88)
Build info: version: '4.0.0-alpha-6', revision: '5f43a29cfc'
System info: host: 'LAPTOP-52IM29O2', ip: '192.168.43.189', os.name: 'Windows 10', os.arch: 'amd64', os.version: '10.0', java.version: '15.0.1'
Driver info: driver.version: ChromeDriver
remote stacktrace: Backtrace:
Ordinal0 [0x00E5C0C3+3326147]
Ordinal0 [0x00D40851+2164817]
Ordinal0 [0x00BC7298+619160]
Ordinal0 [0x00BBBD04+572676]
Ordinal0 [0x00BBBA18+571928]
Ordinal0 [0x00BBB0C1+569537]
Ordinal0 [0x00BBA421+566305]
Ordinal0 [0x00BBA815+567317]
Ordinal0 [0x00BBA135+565557]
Ordinal0 [0x00BC38B1+604337]
Ordinal0 [0x00BBA0F1+565489]
Ordinal0 [0x00BBAEA2+568994]
Ordinal0 [0x00BBA421+566305]
Ordinal0 [0x00BBA815+567317]
Ordinal0 [0x00BBA135+565557]
Ordinal0 [0x00BC1D2C+597292]
Ordinal0 [0x00BBA0F1+565489]
Ordinal0 [0x00BBAEA2+568994]
Ordinal0 [0x00BBA421+566305]
Ordinal0 [0x00BBA815+567317]
Ordinal0 [0x00BBA135+565557]
Ordinal0 [0x00BBFE62+589410]
Ordinal0 [0x00BBA0F1+565489]
Ordinal0 [0x00BBAEA2+568994]
Ordinal0 [0x00BBA421+566305]
Ordinal0 [0x00BBA815+567317]
Ordinal0 [0x00BBA135+565557]
Ordinal0 [0x00BBF075+585845]
Ordinal0 [0x00BBA0F1+565489]
Ordinal0 [0x00BBAEA2+568994]
Ordinal0 [0x00BBA421+566305]
Ordinal0 [0x00BBA815+567317]
Ordinal0 [0x00BBA135+565557]
Ordinal0 [0x00BB6776+550774]
Ordinal0 [0x00BBA0F1+565489]
Ordinal0 [0x00BB9F13+565011]
Ordinal0 [0x00BB9D07+564487]
Ordinal0 [0x00BC82C0+623296]
Ordinal0 [0x00B66BDD+224221]
Ordinal0 [0x00B65CAC+220332]
Ordinal0 [0x00B6189B+202907]
Ordinal0 [0x00B43DF4+81396]
Ordinal0 [0x00B44DEE+85486]
Ordinal0 [0x00B44D79+85369]
Ordinal0 [0x00D585DC+2262492]
GetHandleVerifier [0x00FE2874+1487204]
GetHandleVerifier [0x00FE23CD+1486013]
GetHandleVerifier [0x00FEA368+1518680]
GetHandleVerifier [0x00FE2F4E+1488958]
Ordinal0 [0x00D4ED0D+2223373]
Ordinal0 [0x00D5A12B+2269483]
Ordinal0 [0x00D5A26F+2269807]
Ordinal0 [0x00D6ECB8+2354360]
BaseThreadInitThunk [0x75AFFA29+25]
RtlGetAppContainerNamedObjectPath [0x77C675F4+228]
RtlGetAppContainerNamedObjectPath [0x77C675C4+180]

at org.openqa.selenium.remote.W3CHandshakeResponse.lambda$errorHandler$0(W3CHandshakeResponse.java:62)
at org.openqa.selenium.remote.HandshakeResponse.lambda$getResponseFunction$0(HandshakeResponse.java:30)
at org.openqa.selenium.remote.ProtocolHandshake.lambda$createSession$1(ProtocolHandshake.java:126)
at java.base/java.util.stream.ReferencePipeline$3$1.accept(ReferencePipeline.java:195)
at java.base/java.util.Spliterators$ArraySpliterator.tryAdvance(Spliterators.java:958)
at java.base/java.util.stream.ReferencePipeline.forEachWithCancel(ReferencePipeline.java:127)
at java.base/java.util.stream.AbstractPipeline.copyIntoWithCancel(AbstractPipeline.java:502)
at java.base/java.util.stream.AbstractPipeline.copyInto(AbstractPipeline.java:488)
at java.base/java.util.stream.AbstractPipeline.wrapAndCopyInto(AbstractPipeline.java:474)
at java.base/java.util.stream.FindOps$FindOp.evaluateSequential(FindOps.java:150)
at java.base/java.util.stream.AbstractPipeline.evaluate(AbstractPipeline.java:234)
at java.base/java.util.stream.ReferencePipeline.findFirst(ReferencePipeline.java:543)
at org.openqa.selenium.remote.ProtocolHandshake.createSession(ProtocolHandshake.java:128)
at org.openqa.selenium.remote.ProtocolHandshake.createSession(ProtocolHandshake.java:75)
at org.openqa.selenium.remote.HttpCommandExecutor.execute(HttpCommandExecutor.java:138)
at org.openqa.selenium.remote.service.DriverCommandExecutor.execute(DriverCommandExecutor.java:83)
at org.openqa.selenium.remote.RemoteWebDriver.execute(RemoteWebDriver.java:582)
at org.openqa.selenium.remote.RemoteWebDriver.startSession(RemoteWebDriver.java:216)
at org.openqa.selenium.remote.RemoteWebDriver.<init>(RemoteWebDriver.java:136)
at org.openqa.selenium.chromium.ChromiumDriver.<init>(ChromiumDriver.java:75)
at org.openqa.selenium.chrome.ChromeDriver.<init>(ChromeDriver.java:163)
at org.openqa.selenium.chrome.ChromeDriver.<init>(ChromeDriver.java:150)
at org.openqa.selenium.chrome.ChromeDriver.<init>(ChromeDriver.java:105)
at mavenextra.Mavenvalidation3.validation3(Mavenvalidation3.java:26)
... Removed 30 stack frames]]>
    </failure>
  </testcase> <!-- validation3 -->
  <testcase classname="mavenextra.Facebookloginusingarray" name="login" time="7.893">
    <failure type="org.openqa.selenium.NoSuchElementException" message="Cannot locate an element using xpath=//input[@name=&amp;apos;pass&amp;apos;]
For documentation on this error, please visit: https://selenium.dev/exceptions/#no_such_element
Build info: version: &amp;apos;4.0.0-alpha-6&amp;apos;, revision: &amp;apos;5f43a29cfc&amp;apos;
System info: host: &amp;apos;LAPTOP-52IM29O2&amp;apos;, ip: &amp;apos;192.168.43.189&amp;apos;, os.name: &amp;apos;Windows 10&amp;apos;, os.arch: &amp;apos;amd64&amp;apos;, os.version: &amp;apos;10.0&amp;apos;, java.version: &amp;apos;15.0.1&amp;apos;
Driver info: driver.version: RemoteWebDriver">
      <![CDATA[org.openqa.selenium.NoSuchElementException: Cannot locate an element using xpath=//input[@name='pass']
For documentation on this error, please visit: https://selenium.dev/exceptions/#no_such_element
Build info: version: '4.0.0-alpha-6', revision: '5f43a29cfc'
System info: host: 'LAPTOP-52IM29O2', ip: '192.168.43.189', os.name: 'Windows 10', os.arch: 'amd64', os.version: '10.0', java.version: '15.0.1'
Driver info: driver.version: RemoteWebDriver
at org.openqa.selenium.remote.RemoteWebDriver.findElement(RemoteWebDriver.java:336)
at org.openqa.selenium.remote.RemoteWebDriver.findElementByXPath(RemoteWebDriver.java:451)
at org.openqa.selenium.By$ByXPath.findElement(By.java:394)
at org.openqa.selenium.remote.RemoteWebDriver.findElement(RemoteWebDriver.java:325)
at mavenextra.Facebookloginusingarray.login(Facebookloginusingarray.java:57)
... Removed 25 stack frames]]>
    </failure>
  </testcase> <!-- login -->
  <testcase classname="mavenextra.Facebookloginusingarray" name="login" time="1.073">
    <failure type="org.openqa.selenium.NoSuchElementException" message="Cannot locate an element using xpath=//input[@name=&amp;apos;email&amp;apos;]
For documentation on this error, please visit: https://selenium.dev/exceptions/#no_such_element
Build info: version: &amp;apos;4.0.0-alpha-6&amp;apos;, revision: &amp;apos;5f43a29cfc&amp;apos;
System info: host: &amp;apos;LAPTOP-52IM29O2&amp;apos;, ip: &amp;apos;192.168.43.189&amp;apos;, os.name: &amp;apos;Windows 10&amp;apos;, os.arch: &amp;apos;amd64&amp;apos;, os.version: &amp;apos;10.0&amp;apos;, java.version: &amp;apos;15.0.1&amp;apos;
Driver info: driver.version: RemoteWebDriver">
      <![CDATA[org.openqa.selenium.NoSuchElementException: Cannot locate an element using xpath=//input[@name='email']
For documentation on this error, please visit: https://selenium.dev/exceptions/#no_such_element
Build info: version: '4.0.0-alpha-6', revision: '5f43a29cfc'
System info: host: 'LAPTOP-52IM29O2', ip: '192.168.43.189', os.name: 'Windows 10', os.arch: 'amd64', os.version: '10.0', java.version: '15.0.1'
Driver info: driver.version: RemoteWebDriver
at org.openqa.selenium.remote.RemoteWebDriver.findElement(RemoteWebDriver.java:336)
at org.openqa.selenium.remote.RemoteWebDriver.findElementByXPath(RemoteWebDriver.java:451)
at org.openqa.selenium.By$ByXPath.findElement(By.java:394)
at org.openqa.selenium.remote.RemoteWebDriver.findElement(RemoteWebDriver.java:325)
at mavenextra.Facebookloginusingarray.login(Facebookloginusingarray.java:56)
... Removed 25 stack frames]]>
    </failure>
  </testcase> <!-- login -->
  <testcase classname="mavenextra.Facebookloginusingarray" name="login" time="0.0">
    <skipped/>
  </testcase> <!-- login -->
  <testcase classname="mavenextra.Facebookloginusingarray" name="login" time="0.0">
    <skipped/>
  </testcase> <!-- login -->
  <testcase classname="com.scripts.actitime.Actitimeloginlogout" name="loginlogout" time="0.0">
    <skipped/>
  </testcase> <!-- loginlogout -->
</testsuite> <!-- Test -->
